[02:47:14] [ServerMain/INFO]: Environment: authHost='https://authserver.mojang.com', accountsHost='https://api.mojang.com', sessionHost='https://sessionserver.mojang.com', servicesHost='https://api.minecraftservices.com', name='PROD'
[02:47:14] [ServerMain/INFO]: Found new data pack file/bukkit, loading it automatically
[02:47:15] [ServerMain/INFO]: Loaded 7 recipes
[02:47:16] [Server thread/INFO]: Starting minecraft server version 1.20.1
[02:47:16] [Server thread/INFO]: Loading properties
[02:47:16] [Server thread/INFO]: This server is running Paper version git-Paper-196 (MC: 1.20.1) (Implementing API version 1.20.1-R0.1-SNAPSHOT) (Git: 773dd72)
[02:47:16] [Server thread/INFO]: Server Ping Player Sample Count: 12
[02:47:16] [Server thread/INFO]: Using 4 threads for Netty based IO
[02:47:16] [Server thread/INFO]: [ChunkTaskScheduler] Chunk system is using 1 I/O threads, 1 worker threads, and gen parallelism of 1 threads
[02:47:16] [Server thread/WARN]: [!] The timings profiler has been enabled but has been scheduled for removal from Paper in the future.
    We recommend installing the spark profiler as a replacement: https://spark.lucko.me/
    For more information please visit: https://github.com/PaperMC/Paper/issues/8948
[02:47:17] [Server thread/INFO]: Default game type: SURVIVAL
[02:47:17] [Server thread/INFO]: Generating keypair
[02:47:17] [Server thread/INFO]: Starting Minecraft server on *:25565
[02:47:17] [Server thread/INFO]: Using epoll channel type
[02:47:17] [Server thread/INFO]: Paper: Using libdeflate (Linux x86_64) compression from Velocity.
[02:47:17] [Server thread/INFO]: Paper: Using OpenSSL 1.1.x (Linux x86_64) cipher from Velocity.
[02:47:17] [Server thread/WARN]: **** SERVER IS RUNNING IN OFFLINE/INSECURE MODE!
[02:47:17] [Server thread/WARN]: The server will make no attempt to authenticate usernames. Beware.
[02:47:17] [Server thread/WARN]: While this makes the game possible to play without internet access, it also opens up the ability for hackers to connect with any username they choose.
[02:47:17] [Server thread/WARN]: To change this, set "online-mode" to "true" in the server.properties file.
[02:47:17] [Server thread/INFO]: Preparing level "world"
[02:47:28] [Server thread/INFO]: Preparing start region for dimension minecraft:overworld
[02:47:28] [Server thread/INFO]: Time elapsed: 129 ms
[02:47:28] [Server thread/INFO]: Preparing start region for dimension minecraft:the_nether
[02:47:28] [Server thread/INFO]: Time elapsed: 134 ms
[02:47:28] [Server thread/INFO]: Preparing start region for dimension minecraft:the_end
[02:47:28] [Server thread/INFO]: Time elapsed: 171 ms
[02:47:28] [Server thread/INFO]: Running delayed init tasks
[02:47:28] [Server thread/INFO]: Done (12.716s)! For help, type "help"
[02:47:28] [Server thread/INFO]: Timings Reset
[02:49:06] [Server thread/INFO]: --------- Help: Index ---------------------------
[02:49:06] [Server thread/INFO]: Use /help [n] to get page n of help.
[02:49:06] [Server thread/INFO]: Aliases: Lists command aliases
[02:49:06] [Server thread/INFO]: Bukkit: All commands for Bukkit
[02:49:06] [Server thread/INFO]: Minecraft: All commands for Minecraft
[02:49:06] [Server thread/INFO]: /advancement: A Mojang provided command.
[02:49:06] [Server thread/INFO]: /attribute: A Mojang provided command.
[02:49:06] [Server thread/INFO]: /ban: A Mojang provided command.
[02:49:06] [Server thread/INFO]: /ban-ip: A Mojang provided command.
[02:49:06] [Server thread/INFO]: /banlist: A Mojang provided command.
[02:49:06] [Server thread/INFO]: /bossbar: A Mojang provided command.
[02:49:06] [Server thread/INFO]: /callback: ClickEvent callback
[02:49:06] [Server thread/INFO]: /clear: A Mojang provided command.
[02:49:06] [Server thread/INFO]: /clone: A Mojang provided command.
[02:49:06] [Server thread/INFO]: /damage: A Mojang provided command.
[02:49:06] [Server thread/INFO]: /data: A Mojang provided command.
[02:49:06] [Server thread/INFO]: /datapack: A Mojang provided command.
[02:49:06] [Server thread/INFO]: /debug: A Mojang provided command.
[02:49:06] [Server thread/INFO]: /defaultgamemode: A Mojang provided command.
[02:49:06] [Server thread/INFO]: /deop: A Mojang provided command.
[02:49:06] [Server thread/INFO]: /difficulty: A Mojang provided command.
[02:49:06] [Server thread/INFO]: /effect: A Mojang provided command.
[02:49:06] [Server thread/INFO]: /enchant: A Mojang provided command.
[02:49:06] [Server thread/INFO]: /execute: A Mojang provided command.
[02:49:06] [Server thread/INFO]: /experience: A Mojang provided command.
[02:49:06] [Server thread/INFO]: /fill: A Mojang provided command.
[02:49:06] [Server thread/INFO]: /fillbiome: A Mojang provided command.
[02:49:06] [Server thread/INFO]: /forceload: A Mojang provided command.
[02:49:06] [Server thread/INFO]: /function: A Mojang provided command.
[02:49:06] [Server thread/INFO]: /gamemode: A Mojang provided command.
[02:49:06] [Server thread/INFO]: /gamerule: A Mojang provided command.
[02:49:06] [Server thread/INFO]: /give: A Mojang provided command.
[02:49:06] [Server thread/INFO]: /help: Shows the help menu
[02:49:06] [Server thread/INFO]: /item: A Mojang provided command.
[02:49:06] [Server thread/INFO]: /jfr: A Mojang provided command.
[02:49:06] [Server thread/INFO]: /kick: A Mojang provided command.
[02:49:06] [Server thread/INFO]: /kill: A Mojang provided command.
[02:49:06] [Server thread/INFO]: /list: A Mojang provided command.
[02:49:06] [Server thread/INFO]: /locate: A Mojang provided command.
[02:49:06] [Server thread/INFO]: /loot: A Mojang provided command.
[02:49:06] [Server thread/INFO]: /me: A Mojang provided command.
[02:49:06] [Server thread/INFO]: /minecraft:help: A Mojang provided command.
[02:49:06] [Server thread/INFO]: /minecraft:reload: A Mojang provided command.
[02:49:06] [Server thread/INFO]: /msg: A Mojang provided command.
[02:49:06] [Server thread/INFO]: /mspt: View server tick times
[02:49:06] [Server thread/INFO]: /op: A Mojang provided command.
[02:49:06] [Server thread/INFO]: /paper: Paper related commands
[02:49:06] [Server thread/INFO]: /pardon: A Mojang provided command.
[02:49:06] [Server thread/INFO]: /pardon-ip: A Mojang provided command.
[02:49:06] [Server thread/INFO]: /particle: A Mojang provided command.
[02:49:06] [Server thread/INFO]: /perf: A Mojang provided command.
[02:49:06] [Server thread/INFO]: /place: A Mojang provided command.
[02:49:06] [Server thread/INFO]: /playsound: A Mojang provided command.
[02:49:06] [Server thread/INFO]: /plugins: Gets a list of plugins running on the server
[02:49:06] [Server thread/INFO]: /recipe: A Mojang provided command.
[02:49:06] [Server thread/INFO]: /reload: Reloads the server configuration and plugins
[02:49:06] [Server thread/INFO]: /restart: Restarts the server
[02:49:06] [Server thread/INFO]: /return: A Mojang provided command.
[02:49:06] [Server thread/INFO]: /ride: A Mojang provided command.
[02:49:06] [Server thread/INFO]: /save-all: A Mojang provided command.
[02:49:06] [Server thread/INFO]: /save-off: A Mojang provided command.
[02:49:06] [Server thread/INFO]: /save-on: A Mojang provided command.
[02:49:06] [Server thread/INFO]: /say: A Mojang provided command.
[02:49:06] [Server thread/INFO]: /schedule: A Mojang provided command.
[02:49:06] [Server thread/INFO]: /scoreboard: A Mojang provided command.
[02:49:06] [Server thread/INFO]: /seed: A Mojang provided command.
[02:49:06] [Server thread/INFO]: /setblock: A Mojang provided command.
[02:49:06] [Server thread/INFO]: /setidletimeout: A Mojang provided command.
[02:49:06] [Server thread/INFO]: /setworldspawn: A Mojang provided command.
[02:49:06] [Server thread/INFO]: /spawnpoint: A Mojang provided command.
[02:49:06] [Server thread/INFO]: /spectate: A Mojang provided command.
[02:49:06] [Server thread/INFO]: /spigot: Spigot related commands
[02:49:06] [Server thread/INFO]: /spreadplayers: A Mojang provided command.
[02:49:06] [Server thread/INFO]: /stop: A Mojang provided command.
[02:49:06] [Server thread/INFO]: /stopsound: A Mojang provided command.
[02:49:06] [Server thread/INFO]: /summon: A Mojang provided command.
[02:49:06] [Server thread/INFO]: /tag: A Mojang provided command.
[02:49:06] [Server thread/INFO]: /team: A Mojang provided command.
[02:49:06] [Server thread/INFO]: /teammsg: A Mojang provided command.
[02:49:06] [Server thread/INFO]: /teleport: A Mojang provided command.
[02:49:06] [Server thread/INFO]: /tell: A Mojang provided command.
[02:49:06] [Server thread/INFO]: /tellraw: A Mojang provided command.
[02:49:06] [Server thread/INFO]: /time: A Mojang provided command.
[02:49:06] [Server thread/INFO]: /timings: Manages Spigot Timings data to see performance of the server.
[02:49:06] [Server thread/INFO]: /title: A Mojang provided command.
[02:49:06] [Server thread/INFO]: /tm: A Mojang provided command.
[02:49:06] [Server thread/INFO]: /tp: A Mojang provided command.
[02:49:06] [Server thread/INFO]: /tps: Gets the current ticks per second for the server
[02:49:06] [Server thread/INFO]: /trigger: A Mojang provided command.
[02:49:06] [Server thread/INFO]: /version: Gets the version of this server including any plugins in use
[02:49:06] [Server thread/INFO]: /w: A Mojang provided command.
[02:49:06] [Server thread/INFO]: /weather: A Mojang provided command.
[02:49:06] [Server thread/INFO]: /whitelist: A Mojang provided command.
[02:49:06] [Server thread/INFO]: /worldborder: A Mojang provided command.
[02:49:06] [Server thread/INFO]: /xp: A Mojang provided command.
[02:49:31] [Server thread/INFO]: WARNING: Timings v2 should not be reset. If you are experiencing lag, please wait 3 minutes and then issue a report. The best timings will include 10+ minutes, with data before and after your lag period. If you really want to reset, run this command again within 30 seconds.
